<?xml version="1.0" encoding="UTF-8"?>
<testng-results ignored="0" total="2" passed="2" failed="0" skipped="0">
  <reporter-output>
  </reporter-output>
  <suite started-at="2025-08-23T16:13:49 IST" name="Default suite" finished-at="2025-08-23T16:13:51 IST" duration-ms="2020">
    <groups>
    </groups>
    <test started-at="2025-08-23T16:13:49 IST" name="Default test" finished-at="2025-08-23T16:13:51 IST" duration-ms="2020">
      <class name="maven_practice_project.HospitalManagementTest">
        <test-method signature="testInvalidLoginWithMockDB()[pri:0, instance:maven_practice_project.HospitalManagementTest@61322f9d]" started-at="2025-08-23T16:13:49 IST" name="testInvalidLoginWithMockDB" finished-at="2025-08-23T16:13:51 IST" duration-ms="1936" status="PASS">
          <reporter-output>
          </reporter-output>
        </test-method> <!-- testInvalidLoginWithMockDB -->
        <test-method signature="testValidLoginWithMockDB()[pri:0, instance:maven_practice_project.HospitalManagementTest@61322f9d]" started-at="2025-08-23T16:13:51 IST" name="testValidLoginWithMockDB" finished-at="2025-08-23T16:13:51 IST" duration-ms="15" status="PASS">
          <reporter-output>
          </reporter-output>
        </test-method> <!-- testValidLoginWithMockDB -->
      </class> <!-- maven_practice_project.HospitalManagementTest -->
    </test> <!-- Default test -->
  </suite> <!-- Default suite -->
</testng-results>
